0 info it worked if it ends with ok
1 verbose cli [ 'C:\\Program Files\\nodejs\\node.exe',
1 verbose cli   'C:\\Program Files\\nodejs\\node_modules\\npm\\bin\\npm-cli.js',
1 verbose cli   'start' ]
2 info using npm@3.10.10
3 info using node@v6.11.0
4 warn invalid config proxy="http://{host}:{port}"
5 warn invalid config Must be a full url with 'http://'
6 verbose run-script [ 'prestart', 'start', 'poststart' ]
7 info lifecycle nodejs_practice@0.0.1~prestart: nodejs_practice@0.0.1
8 silly lifecycle nodejs_practice@0.0.1~prestart: no script for prestart, continuing
9 info lifecycle nodejs_practice@0.0.1~start: nodejs_practice@0.0.1
10 verbose lifecycle nodejs_practice@0.0.1~start: unsafe-perm in lifecycle true
11 verbose lifecycle nodejs_practice@0.0.1~start: PATH: C:\Program Files\nodejs\node_modules\npm\bin\node-gyp-bin;C:\Users\penga\Documents\GitHub\WebsiteDesign\node_modules\.bin;C:\ProgramData\Oracle\Java\javapath;C:\windows\system32;C:\windows;C:\windows\System32\Wbem;C:\windows\System32\WindowsPowerShell\v1.0\;C:\Python27;C:\Program Files\Git\cmd;C:\Program Files\nodejs\;C:\mongodb\bin;c:\Program Files\Intel\WiFi\bin\;c:\Program Files\Common Files\Intel\WirelessCommon\;C:\Program Files (x86)\Brackets\command;"C:\Program Files\Java\jdk1.8.0_131\bin";C:\Users\penga\AppData\Roaming\npm;C:\Users\penga\AppData\Local\atom\bin
12 verbose lifecycle nodejs_practice@0.0.1~start: CWD: C:\Users\penga\Documents\GitHub\WebsiteDesign
13 silly lifecycle nodejs_practice@0.0.1~start: Args: [ '/d /s /c', 'nodemon -e css,ejs,js,accdb --watch app' ]
14 verbose stack Error: kill ENOSYS
14 verbose stack     at exports._errnoException (util.js:1018:11)
14 verbose stack     at process.kill (internal/process.js:190:13)
14 verbose stack     at process.listener (C:\Program Files\nodejs\node_modules\npm\node_modules\npmlog\node_modules\gauge\node_modules\signal-exit\index.js:86:15)
14 verbose stack     at emitNone (events.js:91:20)
14 verbose stack     at process.emit (events.js:185:7)
14 verbose stack     at processEmit (C:\Program Files\nodejs\node_modules\npm\node_modules\npmlog\node_modules\gauge\node_modules\signal-exit\index.js:146:32)
14 verbose stack     at processEmit (C:\Program Files\nodejs\node_modules\npm\node_modules\npm-registry-client\node_modules\npmlog\node_modules\gauge\node_modules\signal-exit\index.js:146:32)
14 verbose stack     at Signal.wrap.onsignal (internal/process.js:217:44)
15 verbose cwd C:\Users\penga\Documents\GitHub\WebsiteDesign
16 error Windows_NT 10.0.14393
17 error argv "C:\\Program Files\\nodejs\\node.exe" "C:\\Program Files\\nodejs\\node_modules\\npm\\bin\\npm-cli.js" "start"
18 error node v6.11.0
19 error npm  v3.10.10
20 error code ENOSYS
21 error errno ENOSYS
22 error syscall kill
23 error kill ENOSYS
24 error If you need help, you may report this error at:
24 error     <https://github.com/npm/npm/issues>
25 verbose exit [ 1, true ]
